Analysis & Elaboration report for Lab6
Thu Apr 09 21:48:45 2020
Quartus Prime Version 18.1.0 Build 625 09/12/2018 SJ Lite Edition


---------------------
; Table of Contents ;
---------------------
  1. Legal Notice
  2. Analysis & Elaboration Summary
  3. Parallel Compilation
  4. Parameter Settings for User Entity Instance: slc3:my_slc|datapath:d0|bus_mux:BUS_inst
  5. Parameter Settings for User Entity Instance: slc3:my_slc|datapath:d0|mux2:MDR_mux
  6. Parameter Settings for User Entity Instance: slc3:my_slc|datapath:d0|mux4:PC_mux
  7. Parameter Settings for User Entity Instance: slc3:my_slc|datapath:d0|mux4:addr2mux
  8. Parameter Settings for User Entity Instance: slc3:my_slc|datapath:d0|mux2:addr1mux
  9. Parameter Settings for User Entity Instance: slc3:my_slc|datapath:d0|mux2_3bit:SR1_in
 10. Parameter Settings for User Entity Instance: slc3:my_slc|datapath:d0|mux2_3bit:DR_in
 11. Parameter Settings for User Entity Instance: slc3:my_slc|datapath:d0|mux2:SR2_mux
 12. Parameter Settings for User Entity Instance: slc3:my_slc|tristate:tr0
 13. Parameter Settings for User Entity Instance: test_memory:my_test_memory
 14. Parameter Settings for User Entity Instance: test_memory:my_test_memory|memory_parser:parser
 15. Analysis & Elaboration Settings
 16. Port Connectivity Checks: "slc3:my_slc|Mem2IO:memory_subsystem"
 17. Port Connectivity Checks: "slc3:my_slc|datapath:d0|mux2_3bit:DR_in"
 18. Port Connectivity Checks: "slc3:my_slc|datapath:d0|ALU:Address_adder"
 19. Port Connectivity Checks: "slc3:my_slc|datapath:d0|mux4:addr2mux"
 20. Port Connectivity Checks: "slc3:my_slc|datapath:d0|mux4:PC_mux"
 21. Port Connectivity Checks: "slc3:my_slc|datapath:d0"
 22. Analysis & Elaboration Messages
 23. Analysis & Elaboration Suppressed Messages



----------------
; Legal Notice ;
----------------
Copyright (C) 2018  Intel Corporation. All rights reserved.
Your use of Intel Corporation's design tools, logic functions 
and other software and tools, and its AMPP partner logic 
functions, and any output files from any of the foregoing 
(including device programming or simulation files), and any 
associated documentation or information are expressly subject 
to the terms and conditions of the Intel Program License 
Subscription Agreement, the Intel Quartus Prime License Agreement,
the Intel FPGA IP License Agreement, or other applicable license
agreement, including, without limitation, that your use is for
the sole purpose of programming logic devices manufactured by
Intel and sold by Intel or its authorized distributors.  Please
refer to the applicable agreement for further details.



+----------------------------------------------------------------------------------+
; Analysis & Elaboration Summary                                                   ;
+------------------------------------+---------------------------------------------+
; Analysis & Elaboration Status      ; Successful - Thu Apr 09 21:48:45 2020       ;
; Quartus Prime Version              ; 18.1.0 Build 625 09/12/2018 SJ Lite Edition ;
; Revision Name                      ; Lab6                                        ;
; Top-level Entity Name              ; lab6_toplevel                               ;
; Family                             ; Cyclone IV E                                ;
; Total logic elements               ; N/A until Partition Merge                   ;
;     Total combinational functions  ; N/A until Partition Merge                   ;
;     Dedicated logic registers      ; N/A until Partition Merge                   ;
; Total registers                    ; N/A until Partition Merge                   ;
; Total pins                         ; N/A until Partition Merge                   ;
; Total virtual pins                 ; N/A until Partition Merge                   ;
; Total memory bits                  ; N/A until Partition Merge                   ;
; Embedded Multiplier 9-bit elements ; N/A until Partition Merge                   ;
; Total PLLs                         ; N/A until Partition Merge                   ;
+------------------------------------+---------------------------------------------+


+------------------------------------------+
; Parallel Compilation                     ;
+----------------------------+-------------+
; Processors                 ; Number      ;
+----------------------------+-------------+
; Number detected on machine ; 3           ;
; Maximum allowed            ; 3           ;
;                            ;             ;
; Average used               ; 1.00        ;
; Maximum used               ; 1           ;
;                            ;             ;
; Usage by Processor         ; % Time Used ;
;     Processor 1            ; 100.0%      ;
+----------------------------+-------------+


+---------------------------------------------------------------------------------------+
; Parameter Settings for User Entity Instance: slc3:my_slc|datapath:d0|bus_mux:BUS_inst ;
+----------------+-------+--------------------------------------------------------------+
; Parameter Name ; Value ; Type                                                         ;
+----------------+-------+--------------------------------------------------------------+
; width          ; 16    ; Signed Integer                                               ;
+----------------+-------+--------------------------------------------------------------+
Note: In order to hide this table in the UI and the text report file, please set the "Show Parameter Settings in Synthesis Report" option in "Analysis and Synthesis Settings -> More Settings" to "Off".


+-----------------------------------------------------------------------------------+
; Parameter Settings for User Entity Instance: slc3:my_slc|datapath:d0|mux2:MDR_mux ;
+----------------+-------+----------------------------------------------------------+
; Parameter Name ; Value ; Type                                                     ;
+----------------+-------+----------------------------------------------------------+
; width          ; 16    ; Signed Integer                                           ;
+----------------+-------+----------------------------------------------------------+
Note: In order to hide this table in the UI and the text report file, please set the "Show Parameter Settings in Synthesis Report" option in "Analysis and Synthesis Settings -> More Settings" to "Off".


+----------------------------------------------------------------------------------+
; Parameter Settings for User Entity Instance: slc3:my_slc|datapath:d0|mux4:PC_mux ;
+----------------+-------+---------------------------------------------------------+
; Parameter Name ; Value ; Type                                                    ;
+----------------+-------+---------------------------------------------------------+
; width          ; 16    ; Signed Integer                                          ;
+----------------+-------+---------------------------------------------------------+
Note: In order to hide this table in the UI and the text report file, please set the "Show Parameter Settings in Synthesis Report" option in "Analysis and Synthesis Settings -> More Settings" to "Off".


+------------------------------------------------------------------------------------+
; Parameter Settings for User Entity Instance: slc3:my_slc|datapath:d0|mux4:addr2mux ;
+----------------+-------+-----------------------------------------------------------+
; Parameter Name ; Value ; Type                                                      ;
+----------------+-------+-----------------------------------------------------------+
; width          ; 16    ; Signed Integer                                            ;
+----------------+-------+-----------------------------------------------------------+
Note: In order to hide this table in the UI and the text report file, please set the "Show Parameter Settings in Synthesis Report" option in "Analysis and Synthesis Settings -> More Settings" to "Off".


+------------------------------------------------------------------------------------+
; Parameter Settings for User Entity Instance: slc3:my_slc|datapath:d0|mux2:addr1mux ;
+----------------+-------+-----------------------------------------------------------+
; Parameter Name ; Value ; Type                                                      ;
+----------------+-------+-----------------------------------------------------------+
; width          ; 16    ; Signed Integer                                            ;
+----------------+-------+-----------------------------------------------------------+
Note: In order to hide this table in the UI and the text report file, please set the "Show Parameter Settings in Synthesis Report" option in "Analysis and Synthesis Settings -> More Settings" to "Off".


+---------------------------------------------------------------------------------------+
; Parameter Settings for User Entity Instance: slc3:my_slc|datapath:d0|mux2_3bit:SR1_in ;
+----------------+-------+--------------------------------------------------------------+
; Parameter Name ; Value ; Type                                                         ;
+----------------+-------+--------------------------------------------------------------+
; width          ; 3     ; Signed Integer                                               ;
+----------------+-------+--------------------------------------------------------------+
Note: In order to hide this table in the UI and the text report file, please set the "Show Parameter Settings in Synthesis Report" option in "Analysis and Synthesis Settings -> More Settings" to "Off".


+--------------------------------------------------------------------------------------+
; Parameter Settings for User Entity Instance: slc3:my_slc|datapath:d0|mux2_3bit:DR_in ;
+----------------+-------+-------------------------------------------------------------+
; Parameter Name ; Value ; Type                                                        ;
+----------------+-------+-------------------------------------------------------------+
; width          ; 3     ; Signed Integer                                              ;
+----------------+-------+-------------------------------------------------------------+
Note: In order to hide this table in the UI and the text report file, please set the "Show Parameter Settings in Synthesis Report" option in "Analysis and Synthesis Settings -> More Settings" to "Off".


+-----------------------------------------------------------------------------------+
; Parameter Settings for User Entity Instance: slc3:my_slc|datapath:d0|mux2:SR2_mux ;
+----------------+-------+----------------------------------------------------------+
; Parameter Name ; Value ; Type                                                     ;
+----------------+-------+----------------------------------------------------------+
; width          ; 16    ; Signed Integer                                           ;
+----------------+-------+----------------------------------------------------------+
Note: In order to hide this table in the UI and the text report file, please set the "Show Parameter Settings in Synthesis Report" option in "Analysis and Synthesis Settings -> More Settings" to "Off".


+-----------------------------------------------------------------------+
; Parameter Settings for User Entity Instance: slc3:my_slc|tristate:tr0 ;
+----------------+-------+----------------------------------------------+
; Parameter Name ; Value ; Type                                         ;
+----------------+-------+----------------------------------------------+
; N              ; 16    ; Signed Integer                               ;
+----------------+-------+----------------------------------------------+
Note: In order to hide this table in the UI and the text report file, please set the "Show Parameter Settings in Synthesis Report" option in "Analysis and Synthesis Settings -> More Settings" to "Off".


+-------------------------------------------------------------------------+
; Parameter Settings for User Entity Instance: test_memory:my_test_memory ;
+----------------+-------+------------------------------------------------+
; Parameter Name ; Value ; Type                                           ;
+----------------+-------+------------------------------------------------+
; size           ; 256   ; Signed Integer                                 ;
; init_external  ; 0     ; Signed Integer                                 ;
+----------------+-------+------------------------------------------------+
Note: In order to hide this table in the UI and the text report file, please set the "Show Parameter Settings in Synthesis Report" option in "Analysis and Synthesis Settings -> More Settings" to "Off".


+----------------------------------------------------------------------------------------------+
; Parameter Settings for User Entity Instance: test_memory:my_test_memory|memory_parser:parser ;
+----------------+-------+---------------------------------------------------------------------+
; Parameter Name ; Value ; Type                                                                ;
+----------------+-------+---------------------------------------------------------------------+
; size           ; 256   ; Signed Integer                                                      ;
+----------------+-------+---------------------------------------------------------------------+
Note: In order to hide this table in the UI and the text report file, please set the "Show Parameter Settings in Synthesis Report" option in "Analysis and Synthesis Settings -> More Settings" to "Off".


+------------------------------------------------------------------------------------------------------------+
; Analysis & Elaboration Settings                                                                            ;
+------------------------------------------------------------------+--------------------+--------------------+
; Option                                                           ; Setting            ; Default Value      ;
+------------------------------------------------------------------+--------------------+--------------------+
; Device                                                           ; EP4CE115F29C7      ;                    ;
; Top-level entity name                                            ; lab6_toplevel      ; Lab6               ;
; Family name                                                      ; Cyclone IV E       ; Cyclone V          ;
; Use smart compilation                                            ; Off                ; Off                ;
; Enable parallel Assembler and Timing Analyzer during compilation ; On                 ; On                 ;
; Enable compact report table                                      ; Off                ; Off                ;
; Restructure Multiplexers                                         ; Auto               ; Auto               ;
; Create Debugging Nodes for IP Cores                              ; Off                ; Off                ;
; Preserve fewer node names                                        ; On                 ; On                 ;
; Intel FPGA IP Evaluation Mode                                    ; Enable             ; Enable             ;
; Verilog Version                                                  ; Verilog_2001       ; Verilog_2001       ;
; VHDL Version                                                     ; VHDL_1993          ; VHDL_1993          ;
; State Machine Processing                                         ; Auto               ; Auto               ;
; Safe State Machine                                               ; Off                ; Off                ;
; Extract Verilog State Machines                                   ; On                 ; On                 ;
; Extract VHDL State Machines                                      ; On                 ; On                 ;
; Ignore Verilog initial constructs                                ; Off                ; Off                ;
; Iteration limit for constant Verilog loops                       ; 5000               ; 5000               ;
; Iteration limit for non-constant Verilog loops                   ; 250                ; 250                ;
; Add Pass-Through Logic to Inferred RAMs                          ; On                 ; On                 ;
; Infer RAMs from Raw Logic                                        ; On                 ; On                 ;
; Parallel Synthesis                                               ; On                 ; On                 ;
; DSP Block Balancing                                              ; Auto               ; Auto               ;
; NOT Gate Push-Back                                               ; On                 ; On                 ;
; Power-Up Don't Care                                              ; On                 ; On                 ;
; Remove Redundant Logic Cells                                     ; Off                ; Off                ;
; Remove Duplicate Registers                                       ; On                 ; On                 ;
; Ignore CARRY Buffers                                             ; Off                ; Off                ;
; Ignore CASCADE Buffers                                           ; Off                ; Off                ;
; Ignore GLOBAL Buffers                                            ; Off                ; Off                ;
; Ignore ROW GLOBAL Buffers                                        ; Off                ; Off                ;
; Ignore LCELL Buffers                                             ; Off                ; Off                ;
; Ignore SOFT Buffers                                              ; On                 ; On                 ;
; Limit AHDL Integers to 32 Bits                                   ; Off                ; Off                ;
; Optimization Technique                                           ; Balanced           ; Balanced           ;
; Carry Chain Length                                               ; 70                 ; 70                 ;
; Auto Carry Chains                                                ; On                 ; On                 ;
; Auto Open-Drain Pins                                             ; On                 ; On                 ;
; Perform WYSIWYG Primitive Resynthesis                            ; Off                ; Off                ;
; Auto ROM Replacement                                             ; On                 ; On                 ;
; Auto RAM Replacement                                             ; On                 ; On                 ;
; Auto DSP Block Replacement                                       ; On                 ; On                 ;
; Auto Shift Register Replacement                                  ; Auto               ; Auto               ;
; Allow Shift Register Merging across Hierarchies                  ; Auto               ; Auto               ;
; Auto Clock Enable Replacement                                    ; On                 ; On                 ;
; Strict RAM Replacement                                           ; Off                ; Off                ;
; Allow Synchronous Control Signals                                ; On                 ; On                 ;
; Force Use of Synchronous Clear Signals                           ; Off                ; Off                ;
; Auto RAM Block Balancing                                         ; On                 ; On                 ;
; Auto RAM to Logic Cell Conversion                                ; Off                ; Off                ;
; Auto Resource Sharing                                            ; Off                ; Off                ;
; Allow Any RAM Size For Recognition                               ; Off                ; Off                ;
; Allow Any ROM Size For Recognition                               ; Off                ; Off                ;
; Allow Any Shift Register Size For Recognition                    ; Off                ; Off                ;
; Use LogicLock Constraints during Resource Balancing              ; On                 ; On                 ;
; Ignore translate_off and synthesis_off directives                ; Off                ; Off                ;
; Timing-Driven Synthesis                                          ; On                 ; On                 ;
; Report Parameter Settings                                        ; On                 ; On                 ;
; Report Source Assignments                                        ; On                 ; On                 ;
; Report Connectivity Checks                                       ; On                 ; On                 ;
; Ignore Maximum Fan-Out Assignments                               ; Off                ; Off                ;
; Synchronization Register Chain Length                            ; 2                  ; 2                  ;
; Power Optimization During Synthesis                              ; Normal compilation ; Normal compilation ;
; HDL message level                                                ; Level2             ; Level2             ;
; Suppress Register Optimization Related Messages                  ; Off                ; Off                ;
; Number of Removed Registers Reported in Synthesis Report         ; 5000               ; 5000               ;
; Number of Swept Nodes Reported in Synthesis Report               ; 5000               ; 5000               ;
; Number of Inverted Registers Reported in Synthesis Report        ; 100                ; 100                ;
; Clock MUX Protection                                             ; On                 ; On                 ;
; Auto Gated Clock Conversion                                      ; Off                ; Off                ;
; Block Design Naming                                              ; Auto               ; Auto               ;
; SDC constraint protection                                        ; Off                ; Off                ;
; Synthesis Effort                                                 ; Auto               ; Auto               ;
; Shift Register Replacement - Allow Asynchronous Clear Signal     ; On                 ; On                 ;
; Pre-Mapping Resynthesis Optimization                             ; Off                ; Off                ;
; Analysis & Synthesis Message Level                               ; Medium             ; Medium             ;
; Disable Register Merging Across Hierarchies                      ; Auto               ; Auto               ;
; Resource Aware Inference For Block RAM                           ; On                 ; On                 ;
+------------------------------------------------------------------+--------------------+--------------------+


+-----------------------------------------------------------------+
; Port Connectivity Checks: "slc3:my_slc|Mem2IO:memory_subsystem" ;
+--------------+-------+----------+-------------------------------+
; Port         ; Type  ; Severity ; Details                       ;
+--------------+-------+----------+-------------------------------+
; ADDR[19..16] ; Input ; Info     ; Stuck at GND                  ;
+--------------+-------+----------+-------------------------------+


+---------------------------------------------------------------------+
; Port Connectivity Checks: "slc3:my_slc|datapath:d0|mux2_3bit:DR_in" ;
+------+-------+----------+-------------------------------------------+
; Port ; Type  ; Severity ; Details                                   ;
+------+-------+----------+-------------------------------------------+
; a1   ; Input ; Info     ; Stuck at VCC                              ;
+------+-------+----------+-------------------------------------------+


+-----------------------------------------------------------------------+
; Port Connectivity Checks: "slc3:my_slc|datapath:d0|ALU:Address_adder" ;
+------+-------+----------+---------------------------------------------+
; Port ; Type  ; Severity ; Details                                     ;
+------+-------+----------+---------------------------------------------+
; ALUK ; Input ; Info     ; Stuck at GND                                ;
+------+-------+----------+---------------------------------------------+


+-------------------------------------------------------------------+
; Port Connectivity Checks: "slc3:my_slc|datapath:d0|mux4:addr2mux" ;
+------+-------+----------+-----------------------------------------+
; Port ; Type  ; Severity ; Details                                 ;
+------+-------+----------+-----------------------------------------+
; a0   ; Input ; Info     ; Stuck at GND                            ;
+------+-------+----------+-----------------------------------------+


+-----------------------------------------------------------------+
; Port Connectivity Checks: "slc3:my_slc|datapath:d0|mux4:PC_mux" ;
+------+-------+----------+---------------------------------------+
; Port ; Type  ; Severity ; Details                               ;
+------+-------+----------+---------------------------------------+
; a3   ; Input ; Info     ; Stuck at GND                          ;
+------+-------+----------+---------------------------------------+


+---------------------------------------------------------------------------------------------------------------------+
; Port Connectivity Checks: "slc3:my_slc|datapath:d0"                                                                 ;
+-----------+--------+----------+-------------------------------------------------------------------------------------+
; Port      ; Type   ; Severity ; Details                                                                             ;
+-----------+--------+----------+-------------------------------------------------------------------------------------+
; IR[10..6] ; Output ; Info     ; Connected to dangling logic. Logic that only feeds a dangling port will be removed. ;
; IR[4..0]  ; Output ; Info     ; Connected to dangling logic. Logic that only feeds a dangling port will be removed. ;
+-----------+--------+----------+-------------------------------------------------------------------------------------+


+---------------------------------+
; Analysis & Elaboration Messages ;
+---------------------------------+
Info: *******************************************************************
Info: Running Quartus Prime Analysis & Elaboration
    Info: Version 18.1.0 Build 625 09/12/2018 SJ Lite Edition
    Info: Processing started: Thu Apr 09 21:48:36 2020
Info: Command: quartus_map --read_settings_files=on --write_settings_files=off Lab6 -c Lab6 --analysis_and_elaboration
Warning (18236): Number of processors has not been specified which may cause overloading on shared machines.  Set the global assignment NUM_PARALLEL_PROCESSORS in your QSF to an appropriate value for best performance.
Info (20032): Parallel compilation is enabled and will use up to 3 processors
Info (12021): Found 1 design units, including 1 entities, in source file testbench_week2.sv
    Info (12023): Found entity 1: testbench_week2 File: C:/ECE385_Project_Files/Lab6/testbench_week2.sv Line: 43
Info (12021): Found 3 design units, including 3 entities, in source file synchronizers.sv
    Info (12023): Found entity 1: sync File: C:/ECE385_Project_Files/Lab6/Synchronizers.sv Line: 4
    Info (12023): Found entity 2: sync_r0 File: C:/ECE385_Project_Files/Lab6/Synchronizers.sv Line: 18
    Info (12023): Found entity 3: sync_r1 File: C:/ECE385_Project_Files/Lab6/Synchronizers.sv Line: 39
Info (12021): Found 1 design units, including 1 entities, in source file xinhaotong lab6_files/nzp.sv
    Info (12023): Found entity 1: NZP File: C:/ECE385_Project_Files/Lab6/XinhaoTong Lab6_files/NZP.sv Line: 1
Info (12021): Found 4 design units, including 4 entities, in source file xinhaotong lab6_files/comp.sv
    Info (12023): Found entity 1: COMP_5 File: C:/ECE385_Project_Files/Lab6/XinhaoTong Lab6_files/COMP.sv Line: 1
    Info (12023): Found entity 2: COMP_7 File: C:/ECE385_Project_Files/Lab6/XinhaoTong Lab6_files/COMP.sv Line: 15
    Info (12023): Found entity 3: COMP_10 File: C:/ECE385_Project_Files/Lab6/XinhaoTong Lab6_files/COMP.sv Line: 29
    Info (12023): Found entity 4: COMP_11 File: C:/ECE385_Project_Files/Lab6/XinhaoTong Lab6_files/COMP.sv Line: 43
Info (12021): Found 1 design units, including 1 entities, in source file xinhaotong lab6_files/ben.sv
    Info (12023): Found entity 1: BEN File: C:/ECE385_Project_Files/Lab6/XinhaoTong Lab6_files/BEN.sv Line: 1
Info (12021): Found 1 design units, including 1 entities, in source file xinhaotong lab6_files/alu.sv
    Info (12023): Found entity 1: ALU File: C:/ECE385_Project_Files/Lab6/XinhaoTong Lab6_files/ALU.sv Line: 1
Info (12021): Found 6 design units, including 6 entities, in source file datapath.sv
    Info (12023): Found entity 1: datapath File: C:/ECE385_Project_Files/Lab6/datapath.sv Line: 1
    Info (12023): Found entity 2: register File: C:/ECE385_Project_Files/Lab6/datapath.sv Line: 131
    Info (12023): Found entity 3: bus_mux File: C:/ECE385_Project_Files/Lab6/datapath.sv Line: 147
    Info (12023): Found entity 4: mux2 File: C:/ECE385_Project_Files/Lab6/datapath.sv Line: 173
    Info (12023): Found entity 5: mux2_3bit File: C:/ECE385_Project_Files/Lab6/datapath.sv Line: 193
    Info (12023): Found entity 6: mux4 File: C:/ECE385_Project_Files/Lab6/datapath.sv Line: 213
Info (12021): Found 1 design units, including 1 entities, in source file hexdriver.sv
    Info (12023): Found entity 1: HexDriver File: C:/ECE385_Project_Files/Lab6/HexDriver.sv Line: 1
Info (12021): Found 1 design units, including 1 entities, in source file reg_16.sv
    Info (12023): Found entity 1: reg_16 File: C:/ECE385_Project_Files/Lab6/Reg_16.sv Line: 2
Info (12021): Found 1 design units, including 1 entities, in source file tristate.sv
    Info (12023): Found entity 1: tristate File: C:/ECE385_Project_Files/Lab6/tristate.sv Line: 16
Info (12021): Found 1 design units, including 1 entities, in source file testbench_week1.sv
    Info (12023): Found entity 1: testbench_week1 File: C:/ECE385_Project_Files/Lab6/testbench_week1.sv Line: 10
Info (12021): Found 1 design units, including 1 entities, in source file test_memory.sv
    Info (12023): Found entity 1: test_memory File: C:/ECE385_Project_Files/Lab6/test_memory.sv Line: 22
Info (12021): Found 1 design units, including 0 entities, in source file slc3_2.sv
    Info (12022): Found design unit 1: SLC3_2 (SystemVerilog) File: C:/ECE385_Project_Files/Lab6/SLC3_2.sv Line: 24
Info (12021): Found 1 design units, including 1 entities, in source file slc3.sv
    Info (12023): Found entity 1: slc3 File: C:/ECE385_Project_Files/Lab6/slc3.sv Line: 19
Info (12021): Found 1 design units, including 1 entities, in source file memory_contents.sv
    Info (12023): Found entity 1: memory_parser File: C:/ECE385_Project_Files/Lab6/memory_contents.sv Line: 16
Info (12021): Found 1 design units, including 1 entities, in source file mem2io.sv
    Info (12023): Found entity 1: Mem2IO File: C:/ECE385_Project_Files/Lab6/Mem2IO.sv Line: 16
Info (12021): Found 1 design units, including 1 entities, in source file lab6_toplevel.sv
    Info (12023): Found entity 1: lab6_toplevel File: C:/ECE385_Project_Files/Lab6/lab6_toplevel.sv Line: 10
Info (12021): Found 1 design units, including 1 entities, in source file isdu.sv
    Info (12023): Found entity 1: ISDU File: C:/ECE385_Project_Files/Lab6/ISDU.sv Line: 19
Info (12021): Found 1 design units, including 1 entities, in source file reg_file.sv
    Info (12023): Found entity 1: Reg_File File: C:/ECE385_Project_Files/Lab6/REG_FILE.sv Line: 1
Info (12127): Elaborating entity "lab6_toplevel" for the top level hierarchy
Info (12128): Elaborating entity "slc3" for hierarchy "slc3:my_slc" File: C:/ECE385_Project_Files/Lab6/lab6_toplevel.sv Line: 18
Info (12128): Elaborating entity "HexDriver" for hierarchy "slc3:my_slc|HexDriver:hex_driver3" File: C:/ECE385_Project_Files/Lab6/slc3.sv Line: 59
Info (12128): Elaborating entity "datapath" for hierarchy "slc3:my_slc|datapath:d0" File: C:/ECE385_Project_Files/Lab6/slc3.sv Line: 78
Info (12128): Elaborating entity "COMP_5" for hierarchy "slc3:my_slc|datapath:d0|COMP_5:comp5" File: C:/ECE385_Project_Files/Lab6/datapath.sv Line: 27
Info (12128): Elaborating entity "COMP_7" for hierarchy "slc3:my_slc|datapath:d0|COMP_7:comp7" File: C:/ECE385_Project_Files/Lab6/datapath.sv Line: 28
Info (12128): Elaborating entity "COMP_10" for hierarchy "slc3:my_slc|datapath:d0|COMP_10:comp10" File: C:/ECE385_Project_Files/Lab6/datapath.sv Line: 29
Info (12128): Elaborating entity "COMP_11" for hierarchy "slc3:my_slc|datapath:d0|COMP_11:comp11" File: C:/ECE385_Project_Files/Lab6/datapath.sv Line: 30
Info (12128): Elaborating entity "bus_mux" for hierarchy "slc3:my_slc|datapath:d0|bus_mux:BUS_inst" File: C:/ECE385_Project_Files/Lab6/datapath.sv Line: 38
Info (10264): Verilog HDL Case Statement information at datapath.sv(155): all case item expressions in this case statement are onehot File: C:/ECE385_Project_Files/Lab6/datapath.sv Line: 155
Info (12128): Elaborating entity "register" for hierarchy "slc3:my_slc|datapath:d0|register:MAR_reg" File: C:/ECE385_Project_Files/Lab6/datapath.sv Line: 41
Info (12128): Elaborating entity "mux2" for hierarchy "slc3:my_slc|datapath:d0|mux2:MDR_mux" File: C:/ECE385_Project_Files/Lab6/datapath.sv Line: 45
Info (12128): Elaborating entity "mux4" for hierarchy "slc3:my_slc|datapath:d0|mux4:PC_mux" File: C:/ECE385_Project_Files/Lab6/datapath.sv Line: 55
Info (12128): Elaborating entity "ALU" for hierarchy "slc3:my_slc|datapath:d0|ALU:Address_adder" File: C:/ECE385_Project_Files/Lab6/datapath.sv Line: 66
Info (12128): Elaborating entity "mux2_3bit" for hierarchy "slc3:my_slc|datapath:d0|mux2_3bit:SR1_in" File: C:/ECE385_Project_Files/Lab6/datapath.sv Line: 70
Info (12128): Elaborating entity "Reg_File" for hierarchy "slc3:my_slc|datapath:d0|Reg_File:regfile" File: C:/ECE385_Project_Files/Lab6/datapath.sv Line: 74
Info (12128): Elaborating entity "NZP" for hierarchy "slc3:my_slc|datapath:d0|NZP:nzp" File: C:/ECE385_Project_Files/Lab6/datapath.sv Line: 81
Info (12128): Elaborating entity "BEN" for hierarchy "slc3:my_slc|datapath:d0|BEN:ben" File: C:/ECE385_Project_Files/Lab6/datapath.sv Line: 82
Info (12128): Elaborating entity "Mem2IO" for hierarchy "slc3:my_slc|Mem2IO:memory_subsystem" File: C:/ECE385_Project_Files/Lab6/slc3.sv Line: 86
Info (12128): Elaborating entity "tristate" for hierarchy "slc3:my_slc|tristate:tr0" File: C:/ECE385_Project_Files/Lab6/slc3.sv Line: 91
Info (12128): Elaborating entity "ISDU" for hierarchy "slc3:my_slc|ISDU:state_controller" File: C:/ECE385_Project_Files/Lab6/slc3.sv Line: 98
Info (12128): Elaborating entity "test_memory" for hierarchy "test_memory:my_test_memory" File: C:/ECE385_Project_Files/Lab6/lab6_toplevel.sv Line: 22
Warning (10036): Verilog HDL or VHDL warning at test_memory.sv(42): object "actual_address" assigned a value but never read File: C:/ECE385_Project_Files/Lab6/test_memory.sv Line: 42
Info (12128): Elaborating entity "memory_parser" for hierarchy "test_memory:my_test_memory|memory_parser:parser" File: C:/ECE385_Project_Files/Lab6/test_memory.sv Line: 48
Info (144001): Generated suppressed messages file C:/ECE385_Project_Files/Lab6/output_files/Lab6.map.smsg
Info: Quartus Prime Analysis & Elaboration was successful. 0 errors, 2 warnings
    Info: Peak virtual memory: 4717 megabytes
    Info: Processing ended: Thu Apr 09 21:48:45 2020
    Info: Elapsed time: 00:00:09
    Info: Total CPU time (on all processors): 00:00:14


+--------------------------------------------+
; Analysis & Elaboration Suppressed Messages ;
+--------------------------------------------+
The suppressed messages can be found in C:/ECE385_Project_Files/Lab6/output_files/Lab6.map.smsg.


